<?xml version="1.0" encoding="UTF-8"?>
<!-- Generated by org.testng.reporters.JUnitReportReporter -->
<testsuite hostname="LAPTOP-I9RA3P8J" failures="0" tests="6" name="com.tests.LoginTest" time="34.022" errors="0" timestamp="2026-04-29T16:22:13 IST" skipped="0">
  <testcase classname="com.tests.LoginTest" name="invalidLoginTest" time="5.176"/>
  <testcase classname="com.tests.LoginTest" name="validLoginTest" time="5.689"/>
  <testcase classname="com.tests.LoginTest" name="invalidLoginTest" time="6.188"/>
  <testcase classname="com.tests.LoginTest" name="invalidLoginTest" time="5.130"/>
  <testcase classname="com.tests.LoginTest" name="validLoginTest" time="5.832"/>
  <testcase classname="com.tests.LoginTest" name="validLoginTest" time="6.007"/>
</testsuite> <!-- com.tests.LoginTest -->
