<?xml version="1.0" encoding="UTF-8"?>
<testng-results ignored="9" total="11" passed="2" failed="0" skipped="0">
  <reporter-output>
  </reporter-output>
  <suite started-at="2026-06-18T00:30:25 IST" name="Default suite" finished-at="2026-06-18T00:30:35 IST" duration-ms="9725">
    <groups>
    </groups>
    <test started-at="2026-06-18T00:30:25 IST" name="Default test" finished-at="2026-06-18T00:30:35 IST" duration-ms="9725">
      <class name="test.LoginTest">
        <test-method signature="validLoginTest()[pri:0, instance:test.LoginTest@32eff876]" started-at="2026-06-18T00:30:25 IST" name="validLoginTest" finished-at="2026-06-18T00:30:33 IST" duration-ms="7722" status="PASS">
          <reporter-output>
          </reporter-output>
        </test-method> <!-- validLoginTest -->
      </class> <!-- test.LoginTest -->
      <class name="test.NoteTest">
        <test-method signature="CreateNoteTest()[pri:0, instance:test.NoteTest@158da8e]" started-at="2026-06-18T00:30:33 IST" name="CreateNoteTest" finished-at="2026-06-18T00:30:35 IST" depends-on-methods="test.LoginTest.validLoginTest" duration-ms="1923" status="PASS">
          <reporter-output>
          </reporter-output>
        </test-method> <!-- CreateNoteTest -->
      </class> <!-- test.NoteTest -->
    </test> <!-- Default test -->
  </suite> <!-- Default suite -->
</testng-results>
