<?xml version="1.0" encoding="UTF-8"?>
<testsuite xmlns:xsi="http://www.w3.org/2001/XMLSchema-instance" xsi:noNamespaceSchemaLocation="https://maven.apache.org/surefire/maven-surefire-plugin/xsd/surefire-test-report-3.0.xsd" version="3.0" name="runner.FailedRunner" time="7.022" tests="1" errors="0" skipped="0" failures="0">
  <properties>
[...]
</properties>
  <testcase name="runScenario[&quot;Verify registration with valid credentials&quot;, &quot;Vetrivel_B_5TH_MAY_QAFox_RegisterFearure&quot;](1)" classname="runner.FailedRunner" time="5.627">
    <system-err><![CDATA[SLF4J(W): No SLF4J providers were found.
SLF4J(W): Defaulting to no-operation (NOP) logger implementation
SLF4J(W): See https://www.slf4j.org/codes.html#noProviders for further details.
May 11, 2026 10:58:36 AM org.openqa.selenium.devtools.CdpVersionFinder findNearestMatch
WARNING: Unable to find an exact match for CDP version 148, returning the closest version; found: 147; Please update to a Selenium version that supports CDP version 148
]]></system-err>
  </testcase>
</testsuite>