<?xml version="1.0" encoding="UTF-8"?>
<testng-results ignored="1" total="11" passed="8" failed="2" skipped="0">
  <reporter-output>
  </reporter-output>
  <suite started-at="2026-04-29T22:51:40 IST" name="Default suite" finished-at="2026-04-29T22:53:33 IST" duration-ms="112116">
    <groups>
    </groups>
    <test started-at="2026-04-29T22:51:40 IST" name="Default test" finished-at="2026-04-29T22:53:33 IST" duration-ms="112116">
      <class name="com.tests.LoginTest">
        <test-method is-config="true" signature="setUp()[pri:0, instance:com.tests.LoginTest@74e52303]" started-at="2026-04-29T22:51:42 IST" name="setUp" finished-at="2026-04-29T22:51:50 IST" duration-ms="7729" status="PASS">
          <reporter-output>
          </reporter-output>
        </test-method> <!-- setUp -->
        <test-method is-config="true" signature="actionsSetUp()[pri:0, instance:com.tests.LoginTest@74e52303]" started-at="2026-04-29T22:51:50 IST" name="actionsSetUp" finished-at="2026-04-29T22:51:50 IST" duration-ms="36" status="PASS">
          <reporter-output>
          </reporter-output>
        </test-method> <!-- actionsSetUp -->
        <test-method signature="invalidCredentialTest(java.lang.String,java.lang.String)[pri:0, instance:com.tests.LoginTest@74e52303]" started-at="2026-04-29T22:51:50 IST" name="invalidCredentialTest" data-provider="invalidUsername" finished-at="2026-04-29T22:51:53 IST" duration-ms="2481" status="PASS">
          <params>
            <param index="0">
              <value>
                <![CDATA[Admin1]]>
              </value>
            </param>
            <param index="1">
              <value>
                <![CDATA[admin123]]>
              </value>
            </param>
          </params>
          <reporter-output>
          </reporter-output>
        </test-method> <!-- invalidCredentialTest -->
        <test-method is-config="true" signature="afterMethod()[pri:0, instance:com.tests.LoginTest@74e52303]" started-at="2026-04-29T22:51:53 IST" name="afterMethod" finished-at="2026-04-29T22:51:53 IST" duration-ms="497" status="PASS">
          <reporter-output>
          </reporter-output>
        </test-method> <!-- afterMethod -->
        <test-method is-config="true" signature="setUp()[pri:0, instance:com.tests.LoginTest@74e52303]" started-at="2026-04-29T22:51:53 IST" name="setUp" finished-at="2026-04-29T22:51:58 IST" duration-ms="4447" status="PASS">
          <reporter-output>
          </reporter-output>
        </test-method> <!-- setUp -->
        <test-method is-config="true" signature="actionsSetUp()[pri:0, instance:com.tests.LoginTest@74e52303]" started-at="2026-04-29T22:51:58 IST" name="actionsSetUp" finished-at="2026-04-29T22:51:58 IST" duration-ms="21" status="PASS">
          <reporter-output>
          </reporter-output>
        </test-method> <!-- actionsSetUp -->
        <test-method signature="invalidCredentialTest(java.lang.String,java.lang.String)[pri:0, instance:com.tests.LoginTest@74e52303]" started-at="2026-04-29T22:51:58 IST" name="invalidCredentialTest" data-provider="invalidUsername" finished-at="2026-04-29T22:52:15 IST" duration-ms="17122" status="FAIL">
          <params>
            <param index="0">
              <value>
                <![CDATA[admin]]>
              </value>
            </param>
            <param index="1">
              <value>
                <![CDATA[admin123]]>
              </value>
            </param>
          </params>
          <exception class="org.openqa.selenium.TimeoutException">
            <message>
              <![CDATA[Expected condition failed: waiting for visibility of element found by By.xpath: //*[@id="app"]/div[1]/div/div[1]/div/div[2]/div[2]/div/div[1]/div[1], but... org.openqa.selenium.NoSuchElementException: no such element: Unable to locate element: {"method":"xpath","selector":"//*[@id="app"]/div[1]/div/div[1]/div/div[2]/div[2]/div/div[1]/div[1]"}.
(tried for 15 seconds with 500 milliseconds interval)
Build info: version: '4.43.0', revision: 'dd0f534'
System info: os.name: 'Windows 11', os.arch: 'amd64', os.version: '10.0', java.version: '24.0.2'
Driver info: org.openqa.selenium.chrome.ChromeDriver
Capabilities {acceptInsecureCerts: false, browserName: chrome, browserVersion: 147.0.7727.103, chrome: {chromedriverVersion: 147.0.7727.117 (474cc805edd..., userDataDir: C:\Users\VETRIV~1\AppData\L...}, fedcm:accounts: true, goog:chromeOptions: {debuggerAddress: localhost:53724}, goog:processID: 12768, networkConnectionEnabled: false, pageLoadStrategy: normal, platformName: windows, proxy: Proxy(), se:cdp: ws://localhost:53724/devtoo..., se:cdpVersion: 147.0.7727.103, setWindowRect: true, strictFileInteractability: false, timeouts: {implicit: 0, pageLoad: 300000, script: 30000}, unhandledPromptBehavior: dismiss and notify, webauthn:extension:credBlob: true, webauthn:extension:largeBlob: true, webauthn:extension:minPinLength: true, webauthn:extension:prf: true, webauthn:virtualAuthenticators: true}
Session ID: 730f94a2c1def5446c5a6f1403651e15]]>
            </message>
            <full-stacktrace>
              <![CDATA[org.openqa.selenium.TimeoutException: Expected condition failed: waiting for visibility of element found by By.xpath: //*[@id="app"]/div[1]/div/div[1]/div/div[2]/div[2]/div/div[1]/div[1], but... org.openqa.selenium.NoSuchElementException: no such element: Unable to locate element: {"method":"xpath","selector":"//*[@id="app"]/div[1]/div/div[1]/div/div[2]/div[2]/div/div[1]/div[1]"}.
(tried for 15 seconds with 500 milliseconds interval)
Build info: version: '4.43.0', revision: 'dd0f534'
System info: os.name: 'Windows 11', os.arch: 'amd64', os.version: '10.0', java.version: '24.0.2'
Driver info: org.openqa.selenium.chrome.ChromeDriver
Capabilities {acceptInsecureCerts: false, browserName: chrome, browserVersion: 147.0.7727.103, chrome: {chromedriverVersion: 147.0.7727.117 (474cc805edd..., userDataDir: C:\Users\VETRIV~1\AppData\L...}, fedcm:accounts: true, goog:chromeOptions: {debuggerAddress: localhost:53724}, goog:processID: 12768, networkConnectionEnabled: false, pageLoadStrategy: normal, platformName: windows, proxy: Proxy(), se:cdp: ws://localhost:53724/devtoo..., se:cdpVersion: 147.0.7727.103, setWindowRect: true, strictFileInteractability: false, timeouts: {implicit: 0, pageLoad: 300000, script: 30000}, unhandledPromptBehavior: dismiss and notify, webauthn:extension:credBlob: true, webauthn:extension:largeBlob: true, webauthn:extension:minPinLength: true, webauthn:extension:prf: true, webauthn:virtualAuthenticators: true}
Session ID: 730f94a2c1def5446c5a6f1403651e15
at org.openqa.selenium.support.ui.WebDriverWait.timeoutException(WebDriverWait.java:85)
at org.openqa.selenium.support.ui.FluentWait.until(FluentWait.java:234)
at com.actions.LoginAction.isInvalidCredentialDisplayed(LoginAction.java:27)
at com.tests.LoginTest.invalidCredentialTest(LoginTest.java:31)
at java.base/jdk.internal.reflect.DirectMethodHandleAccessor.invoke(DirectMethodHandleAccessor.java:104)
at java.base/java.lang.reflect.Method.invoke(Method.java:565)
at org.testng.internal.invokers.MethodInvocationHelper.invokeMethod(MethodInvocationHelper.java:141)
at org.testng.internal.invokers.TestInvoker.invokeMethod(TestInvoker.java:697)
at org.testng.internal.invokers.TestInvoker.invokeTestMethod(TestInvoker.java:230)
at org.testng.internal.invokers.MethodRunner.runInSequence(MethodRunner.java:63)
at org.testng.internal.invokers.TestInvoker$MethodInvocationAgent.invoke(TestInvoker.java:1005)
at org.testng.internal.invokers.TestInvoker.invokeTestMethods(TestInvoker.java:203)
at org.testng.internal.invokers.TestMethodWorker.invokeTestMethods(TestMethodWorker.java:154)
at org.testng.internal.invokers.TestMethodWorker.run(TestMethodWorker.java:134)
at java.base/java.util.ArrayList.forEach(ArrayList.java:1604)
at org.testng.TestRunner.privateRun(TestRunner.java:744)
at org.testng.TestRunner.run(TestRunner.java:616)
at org.testng.SuiteRunner.runTest(SuiteRunner.java:421)
at org.testng.SuiteRunner.runSequentially(SuiteRunner.java:413)
at org.testng.SuiteRunner.privateRun(SuiteRunner.java:373)
at org.testng.SuiteRunner.run(SuiteRunner.java:312)
at org.testng.SuiteRunnerWorker.runSuite(SuiteRunnerWorker.java:52)
at org.testng.SuiteRunnerWorker.run(SuiteRunnerWorker.java:95)
at org.testng.TestNG.runSuitesSequentially(TestNG.java:1274)
at org.testng.TestNG.runSuitesLocally(TestNG.java:1208)
at org.testng.TestNG.runSuites(TestNG.java:1112)
at org.testng.TestNG.run(TestNG.java:1079)
at org.testng.remote.AbstractRemoteTestNG.run(AbstractRemoteTestNG.java:115)
at org.testng.remote.RemoteTestNG.initAndRun(RemoteTestNG.java:293)
at org.testng.remote.RemoteTestNG.main(RemoteTestNG.java:91)
]]>
            </full-stacktrace>
          </exception> <!-- org.openqa.selenium.TimeoutException -->
          <reporter-output>
          </reporter-output>
        </test-method> <!-- invalidCredentialTest -->
        <test-method is-config="true" signature="afterMethod()[pri:0, instance:com.tests.LoginTest@74e52303]" started-at="2026-04-29T22:52:15 IST" name="afterMethod" finished-at="2026-04-29T22:52:15 IST" duration-ms="334" status="PASS">
          <reporter-output>
          </reporter-output>
        </test-method> <!-- afterMethod -->
        <test-method is-config="true" signature="setUp()[pri:0, instance:com.tests.LoginTest@74e52303]" started-at="2026-04-29T22:52:15 IST" name="setUp" finished-at="2026-04-29T22:52:20 IST" duration-ms="4655" status="PASS">
          <reporter-output>
          </reporter-output>
        </test-method> <!-- setUp -->
        <test-method is-config="true" signature="actionsSetUp()[pri:0, instance:com.tests.LoginTest@74e52303]" started-at="2026-04-29T22:52:20 IST" name="actionsSetUp" finished-at="2026-04-29T22:52:20 IST" duration-ms="28" status="PASS">
          <reporter-output>
          </reporter-output>
        </test-method> <!-- actionsSetUp -->
        <test-method signature="invalidCredentialTest(java.lang.String,java.lang.String)[pri:0, instance:com.tests.LoginTest@74e52303]" started-at="2026-04-29T22:52:20 IST" name="invalidCredentialTest" data-provider="invalidUsername" finished-at="2026-04-29T22:52:36 IST" duration-ms="16490" status="FAIL">
          <params>
            <param index="0">
              <value>
                <![CDATA[ADMIN]]>
              </value>
            </param>
            <param index="1">
              <value>
                <![CDATA[admin123]]>
              </value>
            </param>
          </params>
          <exception class="org.openqa.selenium.TimeoutException">
            <message>
              <![CDATA[Expected condition failed: waiting for visibility of element found by By.xpath: //*[@id="app"]/div[1]/div/div[1]/div/div[2]/div[2]/div/div[1]/div[1], but... org.openqa.selenium.NoSuchElementException: no such element: Unable to locate element: {"method":"xpath","selector":"//*[@id="app"]/div[1]/div/div[1]/div/div[2]/div[2]/div/div[1]/div[1]"}.
(tried for 15 seconds with 500 milliseconds interval)
Build info: version: '4.43.0', revision: 'dd0f534'
System info: os.name: 'Windows 11', os.arch: 'amd64', os.version: '10.0', java.version: '24.0.2'
Driver info: org.openqa.selenium.chrome.ChromeDriver
Capabilities {acceptInsecureCerts: false, browserName: chrome, browserVersion: 147.0.7727.103, chrome: {chromedriverVersion: 147.0.7727.117 (474cc805edd..., userDataDir: C:\Users\VETRIV~1\AppData\L...}, fedcm:accounts: true, goog:chromeOptions: {debuggerAddress: localhost:52475}, goog:processID: 20112, networkConnectionEnabled: false, pageLoadStrategy: normal, platformName: windows, proxy: Proxy(), se:cdp: ws://localhost:52475/devtoo..., se:cdpVersion: 147.0.7727.103, setWindowRect: true, strictFileInteractability: false, timeouts: {implicit: 0, pageLoad: 300000, script: 30000}, unhandledPromptBehavior: dismiss and notify, webauthn:extension:credBlob: true, webauthn:extension:largeBlob: true, webauthn:extension:minPinLength: true, webauthn:extension:prf: true, webauthn:virtualAuthenticators: true}
Session ID: 36a499021f6a8ba685f92d2d278b765d]]>
            </message>
            <full-stacktrace>
              <![CDATA[org.openqa.selenium.TimeoutException: Expected condition failed: waiting for visibility of element found by By.xpath: //*[@id="app"]/div[1]/div/div[1]/div/div[2]/div[2]/div/div[1]/div[1], but... org.openqa.selenium.NoSuchElementException: no such element: Unable to locate element: {"method":"xpath","selector":"//*[@id="app"]/div[1]/div/div[1]/div/div[2]/div[2]/div/div[1]/div[1]"}.
(tried for 15 seconds with 500 milliseconds interval)
Build info: version: '4.43.0', revision: 'dd0f534'
System info: os.name: 'Windows 11', os.arch: 'amd64', os.version: '10.0', java.version: '24.0.2'
Driver info: org.openqa.selenium.chrome.ChromeDriver
Capabilities {acceptInsecureCerts: false, browserName: chrome, browserVersion: 147.0.7727.103, chrome: {chromedriverVersion: 147.0.7727.117 (474cc805edd..., userDataDir: C:\Users\VETRIV~1\AppData\L...}, fedcm:accounts: true, goog:chromeOptions: {debuggerAddress: localhost:52475}, goog:processID: 20112, networkConnectionEnabled: false, pageLoadStrategy: normal, platformName: windows, proxy: Proxy(), se:cdp: ws://localhost:52475/devtoo..., se:cdpVersion: 147.0.7727.103, setWindowRect: true, strictFileInteractability: false, timeouts: {implicit: 0, pageLoad: 300000, script: 30000}, unhandledPromptBehavior: dismiss and notify, webauthn:extension:credBlob: true, webauthn:extension:largeBlob: true, webauthn:extension:minPinLength: true, webauthn:extension:prf: true, webauthn:virtualAuthenticators: true}
Session ID: 36a499021f6a8ba685f92d2d278b765d
at org.openqa.selenium.support.ui.WebDriverWait.timeoutException(WebDriverWait.java:85)
at org.openqa.selenium.support.ui.FluentWait.until(FluentWait.java:234)
at com.actions.LoginAction.isInvalidCredentialDisplayed(LoginAction.java:27)
at com.tests.LoginTest.invalidCredentialTest(LoginTest.java:31)
at java.base/jdk.internal.reflect.DirectMethodHandleAccessor.invoke(DirectMethodHandleAccessor.java:104)
at java.base/java.lang.reflect.Method.invoke(Method.java:565)
at org.testng.internal.invokers.MethodInvocationHelper.invokeMethod(MethodInvocationHelper.java:141)
at org.testng.internal.invokers.TestInvoker.invokeMethod(TestInvoker.java:697)
at org.testng.internal.invokers.TestInvoker.invokeTestMethod(TestInvoker.java:230)
at org.testng.internal.invokers.MethodRunner.runInSequence(MethodRunner.java:63)
at org.testng.internal.invokers.TestInvoker$MethodInvocationAgent.invoke(TestInvoker.java:1005)
at org.testng.internal.invokers.TestInvoker.invokeTestMethods(TestInvoker.java:203)
at org.testng.internal.invokers.TestMethodWorker.invokeTestMethods(TestMethodWorker.java:154)
at org.testng.internal.invokers.TestMethodWorker.run(TestMethodWorker.java:134)
at java.base/java.util.ArrayList.forEach(ArrayList.java:1604)
at org.testng.TestRunner.privateRun(TestRunner.java:744)
at org.testng.TestRunner.run(TestRunner.java:616)
at org.testng.SuiteRunner.runTest(SuiteRunner.java:421)
at org.testng.SuiteRunner.runSequentially(SuiteRunner.java:413)
at org.testng.SuiteRunner.privateRun(SuiteRunner.java:373)
at org.testng.SuiteRunner.run(SuiteRunner.java:312)
at org.testng.SuiteRunnerWorker.runSuite(SuiteRunnerWorker.java:52)
at org.testng.SuiteRunnerWorker.run(SuiteRunnerWorker.java:95)
at org.testng.TestNG.runSuitesSequentially(TestNG.java:1274)
at org.testng.TestNG.runSuitesLocally(TestNG.java:1208)
at org.testng.TestNG.runSuites(TestNG.java:1112)
at org.testng.TestNG.run(TestNG.java:1079)
at org.testng.remote.AbstractRemoteTestNG.run(AbstractRemoteTestNG.java:115)
at org.testng.remote.RemoteTestNG.initAndRun(RemoteTestNG.java:293)
at org.testng.remote.RemoteTestNG.main(RemoteTestNG.java:91)
]]>
            </full-stacktrace>
          </exception> <!-- org.openqa.selenium.TimeoutException -->
          <reporter-output>
          </reporter-output>
        </test-method> <!-- invalidCredentialTest -->
        <test-method is-config="true" signature="afterMethod()[pri:0, instance:com.tests.LoginTest@74e52303]" started-at="2026-04-29T22:52:36 IST" name="afterMethod" finished-at="2026-04-29T22:52:37 IST" duration-ms="366" status="PASS">
          <reporter-output>
          </reporter-output>
        </test-method> <!-- afterMethod -->
        <test-method is-config="true" signature="setUp()[pri:0, instance:com.tests.LoginTest@74e52303]" started-at="2026-04-29T22:52:37 IST" name="setUp" finished-at="2026-04-29T22:52:42 IST" duration-ms="5312" status="PASS">
          <reporter-output>
          </reporter-output>
        </test-method> <!-- setUp -->
        <test-method is-config="true" signature="actionsSetUp()[pri:0, instance:com.tests.LoginTest@74e52303]" started-at="2026-04-29T22:52:42 IST" name="actionsSetUp" finished-at="2026-04-29T22:52:42 IST" duration-ms="51" status="PASS">
          <reporter-output>
          </reporter-output>
        </test-method> <!-- actionsSetUp -->
        <test-method signature="invalidCredentialTest(java.lang.String,java.lang.String)[pri:0, instance:com.tests.LoginTest@74e52303]" started-at="2026-04-29T22:52:42 IST" name="invalidCredentialTest" data-provider="invalidUsername" finished-at="2026-04-29T22:52:45 IST" duration-ms="2466" status="PASS">
          <params>
            <param index="0">
              <value>
                <![CDATA[Admn]]>
              </value>
            </param>
            <param index="1">
              <value>
                <![CDATA[admin123]]>
              </value>
            </param>
          </params>
          <reporter-output>
          </reporter-output>
        </test-method> <!-- invalidCredentialTest -->
        <test-method is-config="true" signature="afterMethod()[pri:0, instance:com.tests.LoginTest@74e52303]" started-at="2026-04-29T22:52:45 IST" name="afterMethod" finished-at="2026-04-29T22:52:45 IST" duration-ms="286" status="PASS">
          <reporter-output>
          </reporter-output>
        </test-method> <!-- afterMethod -->
        <test-method is-config="true" signature="setUp()[pri:0, instance:com.tests.LoginTest@74e52303]" started-at="2026-04-29T22:52:45 IST" name="setUp" finished-at="2026-04-29T22:52:50 IST" duration-ms="4803" status="PASS">
          <reporter-output>
          </reporter-output>
        </test-method> <!-- setUp -->
        <test-method is-config="true" signature="actionsSetUp()[pri:0, instance:com.tests.LoginTest@74e52303]" started-at="2026-04-29T22:52:50 IST" name="actionsSetUp" finished-at="2026-04-29T22:52:50 IST" duration-ms="22" status="PASS">
          <reporter-output>
          </reporter-output>
        </test-method> <!-- actionsSetUp -->
        <test-method signature="invalidCredentialTest(java.lang.String,java.lang.String)[pri:0, instance:com.tests.LoginTest@74e52303]" started-at="2026-04-29T22:52:50 IST" name="invalidCredentialTest" data-provider="invalidUsername" finished-at="2026-04-29T22:52:52 IST" duration-ms="2595" status="PASS">
          <params>
            <param index="0">
              <value>
                <![CDATA[TestUser]]>
              </value>
            </param>
            <param index="1">
              <value>
                <![CDATA[admin123]]>
              </value>
            </param>
          </params>
          <reporter-output>
          </reporter-output>
        </test-method> <!-- invalidCredentialTest -->
        <test-method is-config="true" signature="afterMethod()[pri:0, instance:com.tests.LoginTest@74e52303]" started-at="2026-04-29T22:52:52 IST" name="afterMethod" finished-at="2026-04-29T22:52:52 IST" duration-ms="248" status="PASS">
          <reporter-output>
          </reporter-output>
        </test-method> <!-- afterMethod -->
        <test-method is-config="true" signature="setUp()[pri:0, instance:com.tests.LoginTest@74e52303]" started-at="2026-04-29T22:52:52 IST" name="setUp" finished-at="2026-04-29T22:52:57 IST" duration-ms="4676" status="PASS">
          <reporter-output>
          </reporter-output>
        </test-method> <!-- setUp -->
        <test-method is-config="true" signature="actionsSetUp()[pri:0, instance:com.tests.LoginTest@74e52303]" started-at="2026-04-29T22:52:57 IST" name="actionsSetUp" finished-at="2026-04-29T22:52:57 IST" duration-ms="23" status="PASS">
          <reporter-output>
          </reporter-output>
        </test-method> <!-- actionsSetUp -->
        <test-method signature="invalidCredentialTest(java.lang.String,java.lang.String)[pri:0, instance:com.tests.LoginTest@74e52303]" started-at="2026-04-29T22:52:57 IST" name="invalidCredentialTest" data-provider="invalidUsername" finished-at="2026-04-29T22:53:00 IST" duration-ms="2939" status="PASS">
          <params>
            <param index="0">
              <value>
                <![CDATA[OrangeHRM]]>
              </value>
            </param>
            <param index="1">
              <value>
                <![CDATA[admin123]]>
              </value>
            </param>
          </params>
          <reporter-output>
          </reporter-output>
        </test-method> <!-- invalidCredentialTest -->
        <test-method is-config="true" signature="afterMethod()[pri:0, instance:com.tests.LoginTest@74e52303]" started-at="2026-04-29T22:53:00 IST" name="afterMethod" finished-at="2026-04-29T22:53:00 IST" duration-ms="261" status="PASS">
          <reporter-output>
          </reporter-output>
        </test-method> <!-- afterMethod -->
        <test-method is-config="true" signature="setUp()[pri:0, instance:com.tests.LoginTest@74e52303]" started-at="2026-04-29T22:53:00 IST" name="setUp" finished-at="2026-04-29T22:53:05 IST" duration-ms="4629" status="PASS">
          <reporter-output>
          </reporter-output>
        </test-method> <!-- setUp -->
        <test-method is-config="true" signature="actionsSetUp()[pri:0, instance:com.tests.LoginTest@74e52303]" started-at="2026-04-29T22:53:05 IST" name="actionsSetUp" finished-at="2026-04-29T22:53:05 IST" duration-ms="18" status="PASS">
          <reporter-output>
          </reporter-output>
        </test-method> <!-- actionsSetUp -->
        <test-method signature="invalidCredentialTest(java.lang.String,java.lang.String)[pri:0, instance:com.tests.LoginTest@74e52303]" started-at="2026-04-29T22:53:05 IST" name="invalidCredentialTest" data-provider="invalidUsername" finished-at="2026-04-29T22:53:08 IST" duration-ms="3252" status="PASS">
          <params>
            <param index="0">
              <value>
                <![CDATA[InvalidUser]]>
              </value>
            </param>
            <param index="1">
              <value>
                <![CDATA[admin123]]>
              </value>
            </param>
          </params>
          <reporter-output>
          </reporter-output>
        </test-method> <!-- invalidCredentialTest -->
        <test-method is-config="true" signature="afterMethod()[pri:0, instance:com.tests.LoginTest@74e52303]" started-at="2026-04-29T22:53:08 IST" name="afterMethod" finished-at="2026-04-29T22:53:09 IST" duration-ms="322" status="PASS">
          <reporter-output>
          </reporter-output>
        </test-method> <!-- afterMethod -->
        <test-method is-config="true" signature="setUp()[pri:0, instance:com.tests.LoginTest@74e52303]" started-at="2026-04-29T22:53:09 IST" name="setUp" finished-at="2026-04-29T22:53:13 IST" duration-ms="4593" status="PASS">
          <reporter-output>
          </reporter-output>
        </test-method> <!-- setUp -->
        <test-method is-config="true" signature="actionsSetUp()[pri:0, instance:com.tests.LoginTest@74e52303]" started-at="2026-04-29T22:53:13 IST" name="actionsSetUp" finished-at="2026-04-29T22:53:13 IST" duration-ms="43" status="PASS">
          <reporter-output>
          </reporter-output>
        </test-method> <!-- actionsSetUp -->
        <test-method signature="invalidCredentialTest(java.lang.String,java.lang.String)[pri:0, instance:com.tests.LoginTest@74e52303]" started-at="2026-04-29T22:53:13 IST" name="invalidCredentialTest" data-provider="invalidUsername" finished-at="2026-04-29T22:53:16 IST" duration-ms="2392" status="PASS">
          <params>
            <param index="0">
              <value>
                <![CDATA[User123]]>
              </value>
            </param>
            <param index="1">
              <value>
                <![CDATA[admin123]]>
              </value>
            </param>
          </params>
          <reporter-output>
          </reporter-output>
        </test-method> <!-- invalidCredentialTest -->
        <test-method is-config="true" signature="afterMethod()[pri:0, instance:com.tests.LoginTest@74e52303]" started-at="2026-04-29T22:53:16 IST" name="afterMethod" finished-at="2026-04-29T22:53:16 IST" duration-ms="260" status="PASS">
          <reporter-output>
          </reporter-output>
        </test-method> <!-- afterMethod -->
        <test-method is-config="true" signature="setUp()[pri:0, instance:com.tests.LoginTest@74e52303]" started-at="2026-04-29T22:53:16 IST" name="setUp" finished-at="2026-04-29T22:53:21 IST" duration-ms="4642" status="PASS">
          <reporter-output>
          </reporter-output>
        </test-method> <!-- setUp -->
        <test-method is-config="true" signature="actionsSetUp()[pri:0, instance:com.tests.LoginTest@74e52303]" started-at="2026-04-29T22:53:21 IST" name="actionsSetUp" finished-at="2026-04-29T22:53:21 IST" duration-ms="19" status="PASS">
          <reporter-output>
          </reporter-output>
        </test-method> <!-- actionsSetUp -->
        <test-method signature="invalidCredentialTest(java.lang.String,java.lang.String)[pri:0, instance:com.tests.LoginTest@74e52303]" started-at="2026-04-29T22:53:21 IST" name="invalidCredentialTest" data-provider="invalidUsername" finished-at="2026-04-29T22:53:23 IST" duration-ms="2575" status="PASS">
          <params>
            <param index="0">
              <value>
                <![CDATA[Admin@123]]>
              </value>
            </param>
            <param index="1">
              <value>
                <![CDATA[admin123]]>
              </value>
            </param>
          </params>
          <reporter-output>
          </reporter-output>
        </test-method> <!-- invalidCredentialTest -->
        <test-method is-config="true" signature="afterMethod()[pri:0, instance:com.tests.LoginTest@74e52303]" started-at="2026-04-29T22:53:23 IST" name="afterMethod" finished-at="2026-04-29T22:53:23 IST" duration-ms="346" status="PASS">
          <reporter-output>
          </reporter-output>
        </test-method> <!-- afterMethod -->
        <test-method is-config="true" signature="setUp()[pri:0, instance:com.tests.LoginTest@74e52303]" started-at="2026-04-29T22:53:24 IST" name="setUp" finished-at="2026-04-29T22:53:29 IST" duration-ms="5871" status="PASS">
          <reporter-output>
          </reporter-output>
        </test-method> <!-- setUp -->
        <test-method is-config="true" signature="actionsSetUp()[pri:0, instance:com.tests.LoginTest@74e52303]" started-at="2026-04-29T22:53:29 IST" name="actionsSetUp" finished-at="2026-04-29T22:53:29 IST" duration-ms="43" status="PASS">
          <reporter-output>
          </reporter-output>
        </test-method> <!-- actionsSetUp -->
        <test-method signature="invalidCredentialTest(java.lang.String,java.lang.String)[pri:0, instance:com.tests.LoginTest@74e52303]" started-at="2026-04-29T22:53:29 IST" name="invalidCredentialTest" data-provider="invalidUsername" finished-at="2026-04-29T22:53:32 IST" duration-ms="2814" status="PASS">
          <params>
            <param index="0">
              <value>
                <![CDATA[Employee01]]>
              </value>
            </param>
            <param index="1">
              <value>
                <![CDATA[admin123]]>
              </value>
            </param>
          </params>
          <reporter-output>
          </reporter-output>
        </test-method> <!-- invalidCredentialTest -->
        <test-method is-config="true" signature="afterMethod()[pri:0, instance:com.tests.LoginTest@74e52303]" started-at="2026-04-29T22:53:32 IST" name="afterMethod" finished-at="2026-04-29T22:53:33 IST" duration-ms="283" status="PASS">
          <reporter-output>
          </reporter-output>
        </test-method> <!-- afterMethod -->
      </class> <!-- com.tests.LoginTest -->
    </test> <!-- Default test -->
  </suite> <!-- Default suite -->
</testng-results>
