<?xml version="1.0" encoding="UTF-8"?>
<testng-results ignored="2" total="3" passed="1" failed="0" skipped="0">
  <reporter-output>
  </reporter-output>
  <suite started-at="2026-05-03T23:35:09 IST" name="Default suite" finished-at="2026-05-03T23:36:43 IST" duration-ms="94238">
    <groups>
    </groups>
    <test started-at="2026-05-03T23:35:09 IST" name="Default test" finished-at="2026-05-03T23:36:43 IST" duration-ms="94238">
      <class name="com.tests.SearchTest">
        <test-method is-config="true" signature="setUp()[pri:0, instance:com.tests.SearchTest@67c27493]" started-at="2026-05-03T23:35:09 IST" name="setUp" finished-at="2026-05-03T23:35:15 IST" duration-ms="6166" status="PASS">
          <reporter-output>
          </reporter-output>
        </test-method> <!-- setUp -->
        <test-method is-config="true" signature="login()[pri:0, instance:com.tests.SearchTest@67c27493]" started-at="2026-05-03T23:35:15 IST" name="login" finished-at="2026-05-03T23:35:36 IST" duration-ms="20376" status="PASS">
          <reporter-output>
          </reporter-output>
        </test-method> <!-- login -->
        <test-method is-config="true" signature="init()[pri:0, instance:com.tests.SearchTest@67c27493]" started-at="2026-05-03T23:35:36 IST" name="init" finished-at="2026-05-03T23:35:36 IST" duration-ms="3" status="PASS">
          <reporter-output>
          </reporter-output>
        </test-method> <!-- init -->
        <test-method signature="addToCart()[pri:0, instance:com.tests.SearchTest@67c27493]" started-at="2026-05-03T23:35:36 IST" name="addToCart" finished-at="2026-05-03T23:36:43 IST" duration-ms="67035" status="PASS">
          <reporter-output>
          </reporter-output>
        </test-method> <!-- addToCart -->
        <test-method is-config="true" signature="tearDown()[pri:0, instance:com.tests.SearchTest@67c27493]" started-at="2026-05-03T23:36:43 IST" name="tearDown" finished-at="2026-05-03T23:36:43 IST" duration-ms="518" status="PASS">
          <reporter-output>
          </reporter-output>
        </test-method> <!-- tearDown -->
      </class> <!-- com.tests.SearchTest -->
    </test> <!-- Default test -->
  </suite> <!-- Default suite -->
</testng-results>
