<?xml version="1.0" encoding="UTF-8"?>
<testng-results ignored="0" total="2" passed="2" failed="0" skipped="0">
  <reporter-output>
  </reporter-output>
  <suite started-at="2026-04-28T14:24:18 IST" name="Suite" finished-at="2026-04-28T14:24:54 IST" duration-ms="36169">
    <groups>
    </groups>
    <test started-at="2026-04-28T14:24:18 IST" name="Test" finished-at="2026-04-28T14:24:54 IST" duration-ms="36169">
      <class name="com.test.DashboardTest">
        <test-method is-config="true" signature="setUp()[pri:0, instance:com.test.DashboardTest@74e52303]" started-at="2026-04-28T14:24:18 IST" name="setUp" finished-at="2026-04-28T14:24:39 IST" duration-ms="20775" status="PASS">
          <reporter-output>
          </reporter-output>
        </test-method> <!-- setUp -->
        <test-method signature="DashboardTest()[pri:0, instance:com.test.DashboardTest@74e52303]" started-at="2026-04-28T14:24:39 IST" name="DashboardTest" finished-at="2026-04-28T14:24:54 IST" duration-ms="15118" status="PASS">
          <reporter-output>
          </reporter-output>
        </test-method> <!-- DashboardTest -->
        <test-method is-config="true" signature="tearDown()[pri:0, instance:com.test.DashboardTest@74e52303]" started-at="2026-04-28T14:24:54 IST" name="tearDown" finished-at="2026-04-28T14:24:54 IST" duration-ms="200" status="PASS">
          <reporter-output>
          </reporter-output>
        </test-method> <!-- tearDown -->
      </class> <!-- com.test.DashboardTest -->
      <class name="com.test.LoginTest">
        <test-method is-config="true" signature="setUp()[pri:0, instance:com.test.LoginTest@79e2c065]" started-at="2026-04-28T14:24:18 IST" name="setUp" finished-at="2026-04-28T14:24:32 IST" duration-ms="13749" status="PASS">
          <reporter-output>
          </reporter-output>
        </test-method> <!-- setUp -->
        <test-method signature="loginTest()[pri:0, instance:com.test.LoginTest@79e2c065]" started-at="2026-04-28T14:24:32 IST" name="loginTest" finished-at="2026-04-28T14:24:33 IST" duration-ms="1243" status="PASS">
          <reporter-output>
          </reporter-output>
        </test-method> <!-- loginTest -->
        <test-method is-config="true" signature="tearDown()[pri:0, instance:com.test.LoginTest@79e2c065]" started-at="2026-04-28T14:24:33 IST" name="tearDown" finished-at="2026-04-28T14:24:33 IST" duration-ms="100" status="PASS">
          <reporter-output>
          </reporter-output>
        </test-method> <!-- tearDown -->
      </class> <!-- com.test.LoginTest -->
    </test> <!-- Test -->
  </suite> <!-- Suite -->
</testng-results>
