<?xml version="1.0" encoding="UTF-8"?>
<!-- Generated by org.testng.reporters.JUnitXMLReporter -->
<testsuite ignored="0" hostname="LAPTOP-I9RA3P8J" failures="0" tests="6" name="Default test" time="13.885" errors="0" timestamp="2026-06-23T00:36:06 IST">
  <testcase classname="test.LoginTest" name="invalidLoginTest" time="3.855"/>
  <testcase classname="test.LoginTest" name="invalidLoginTest" time="3.397"/>
  <testcase classname="test.LoginTest" name="invalidLoginTest" time="0.796"/>
  <testcase classname="test.LoginTest" name="invalidLoginTest" time="0.807"/>
  <testcase classname="test.LoginTest" name="invalidLoginTest" time="0.373"/>
  <testcase classname="test.LoginTest" name="validLoginTest" time="3.759"/>
</testsuite> <!-- Default test -->
