<?xml version="1.0" encoding="UTF-8"?>
<testng-results ignored="0" total="1" passed="1" failed="0" skipped="0">
  <reporter-output>
  </reporter-output>
  <suite started-at="2026-06-22T19:37:51 IST" name="Default suite" finished-at="2026-06-22T19:37:58 IST" duration-ms="6716">
    <groups>
    </groups>
    <test started-at="2026-06-22T19:37:51 IST" name="Default test" finished-at="2026-06-22T19:37:58 IST" duration-ms="6716">
      <class name="test.LoginTest">
        <test-method signature="login()[pri:0, instance:test.LoginTest@79e4c792]" started-at="2026-06-22T19:37:51 IST" name="login" finished-at="2026-06-22T19:37:58 IST" duration-ms="6573" status="PASS">
          <reporter-output>
          </reporter-output>
        </test-method> <!-- login -->
      </class> <!-- test.LoginTest -->
    </test> <!-- Default test -->
  </suite> <!-- Default suite -->
</testng-results>
