<?xml version="1.0" encoding="UTF-8"?>
<testng-results ignored="0" total="1" passed="1" failed="0" skipped="0">
  <reporter-output>
  </reporter-output>
  <suite started-at="2026-06-21T18:20:17 IST" name="Default suite" finished-at="2026-06-21T18:20:22 IST" duration-ms="5227">
    <groups>
    </groups>
    <test started-at="2026-06-21T18:20:17 IST" name="Default test" finished-at="2026-06-21T18:20:22 IST" duration-ms="5227">
      <class name="test.LoginTest">
        <test-method signature="login()[pri:0, instance:test.LoginTest@74e28667]" started-at="2026-06-21T18:20:17 IST" name="login" finished-at="2026-06-21T18:20:22 IST" duration-ms="5056" status="PASS">
          <reporter-output>
          </reporter-output>
        </test-method> <!-- login -->
      </class> <!-- test.LoginTest -->
    </test> <!-- Default test -->
  </suite> <!-- Default suite -->
</testng-results>
