<?xml version="1.0" encoding="UTF-8"?>
<!-- Generated by org.testng.reporters.JUnitXMLReporter -->
<testsuite ignored="4" hostname="LAPTOP-I9RA3P8J" failures="0" tests="3" name="Test" time="20.225" errors="0" timestamp="2026-04-29T22:18:48 IST">
  <testcase classname="com.tests.LoginTest" name="loginTest" time="13.239"/>
  <testcase classname="com.tests.DashboardTest" name="dashBoardVisibility" time="0.069"/>
  <testcase classname="com.tests.DashboardTest" name="dashboardWidgets" time="0.032"/>
  <testcase classname="com.tests.BaseTest" name="@BeforeTest setUp" time="0.0">
    <ignored/>
  </testcase> <!-- @BeforeTest setUp -->
  <testcase classname="com.tests.BaseTest" name="@AfterTest afterMethod" time="0.0">
    <ignored/>
  </testcase> <!-- @AfterTest afterMethod -->
  <testcase classname="com.tests.BaseTest" name="@AfterTest afterMethod" time="0.0">
    <ignored/>
  </testcase> <!-- @AfterTest afterMethod -->
  <testcase classname="com.tests.BaseTest" name="@BeforeTest setUp" time="0.0">
    <ignored/>
  </testcase> <!-- @BeforeTest setUp -->
</testsuite> <!-- Test -->
