<?xml version="1.0" encoding="UTF-8"?>
<testng-results ignored="0" total="1" passed="1" failed="0" skipped="0">
  <reporter-output>
  </reporter-output>
  <suite started-at="2026-06-15T15:43:47 IST" name="Default suite" finished-at="2026-06-15T15:43:50 IST" duration-ms="3377">
    <groups>
    </groups>
    <test started-at="2026-06-15T15:43:47 IST" name="Default test" finished-at="2026-06-15T15:43:50 IST" duration-ms="3377">
      <class name="com.tests.ApiValidationTest">
        <test-method signature="getUserEmail()[pri:0, instance:com.tests.ApiValidationTest@1d9b7cce]" started-at="2026-06-15T15:43:47 IST" name="getUserEmail" finished-at="2026-06-15T15:43:50 IST" duration-ms="3311" status="PASS">
          <reporter-output>
          </reporter-output>
        </test-method> <!-- getUserEmail -->
      </class> <!-- com.tests.ApiValidationTest -->
    </test> <!-- Default test -->
  </suite> <!-- Default suite -->
</testng-results>
