<?xml version="1.0" encoding="UTF-8"?>
<!-- Generated by org.testng.reporters.JUnitXMLReporter -->
<testsuite ignored="2" hostname="LAPTOP-I9RA3P8J" failures="0" tests="1" name="Default test" time="94.238" errors="0" timestamp="2026-05-03T23:36:43 IST">
  <testcase classname="com.tests.SearchTest" name="addToCart" time="67.035"/>
  <testcase classname="com.tests.SearchTest" name="addToCartAndCheckoutTest" time="0.0">
    <ignored/>
  </testcase> <!-- addToCartAndCheckoutTest -->
  <testcase classname="com.tests.SearchTest" name="search" time="0.0">
    <ignored/>
  </testcase> <!-- search -->
</testsuite> <!-- Default test -->
