<?xml version="1.0" encoding="UTF-8"?>
<!-- Generated by org.testng.reporters.JUnitReportReporter -->
<testsuite hostname="LAPTOP-I9RA3P8J" failures="0" tests="6" name="test.LoginTest" time="12.987" errors="0" timestamp="2026-06-23T00:36:06 IST" skipped="0">
  <testcase classname="test.LoginTest" name="validLoginTest" time="3.759"/>
  <testcase classname="test.LoginTest" name="invalidLoginTest" time="0.807"/>
  <testcase classname="test.LoginTest" name="invalidLoginTest" time="3.855"/>
  <testcase classname="test.LoginTest" name="invalidLoginTest" time="0.373"/>
  <testcase classname="test.LoginTest" name="invalidLoginTest" time="0.796"/>
  <testcase classname="test.LoginTest" name="invalidLoginTest" time="3.397"/>
</testsuite> <!-- test.LoginTest -->
