<?xml version="1.0" encoding="UTF-8"?>
<!-- Generated by org.testng.reporters.JUnitReportReporter -->
<testsuite hostname="LAPTOP-I9RA3P8J" failures="0" tests="4" name="test.LoginTest" time="12.805" errors="0" timestamp="2026-06-18T01:33:39 IST" skipped="0">
  <testcase classname="test.LoginTest" name="missingFieldsTest" time="0.971"/>
  <testcase classname="test.LoginTest" name="wrongPasswordTest" time="3.319"/>
  <testcase classname="test.LoginTest" name="validLoginTest" time="7.898"/>
  <testcase classname="test.LoginTest" name="unknownEmailTest" time="0.617"/>
</testsuite> <!-- test.LoginTest -->
