<?xml version="1.0" encoding="UTF-8"?>
<!-- Generated by org.testng.reporters.JUnitXMLReporter -->
<testsuite ignored="0" hostname="LAPTOP-I9RA3P8J" failures="0" tests="6" name="Default test" time="35.131" errors="0" timestamp="2026-04-29T16:22:12 IST">
  <testcase classname="com.tests.LoginTest" name="invalidLoginTest" time="2.435"/>
  <testcase classname="com.tests.LoginTest" name="invalidLoginTest" time="2.43"/>
  <testcase classname="com.tests.LoginTest" name="invalidLoginTest" time="2.254"/>
  <testcase classname="com.tests.LoginTest" name="validLoginTest" time="3.098"/>
  <testcase classname="com.tests.LoginTest" name="validLoginTest" time="3.242"/>
  <testcase classname="com.tests.LoginTest" name="validLoginTest" time="3.314"/>
</testsuite> <!-- Default test -->
