<?xml version="1.0" encoding="UTF-8"?>
<!-- Generated by org.testng.reporters.JUnitReportReporter -->
<testsuite hostname="LAPTOP-I9RA3P8J" failures="0" tests="4" name="runners.TestRunner" time="37.560" errors="0" timestamp="2026-05-13T16:15:27 IST" skipped="0">
  <testcase classname="runners.TestRunner" name="runScenario" time="5.543"/>
  <testcase classname="runners.TestRunner" name="runScenario" time="9.574"/>
  <testcase classname="runners.TestRunner" name="runScenario" time="7.804"/>
  <testcase classname="runners.TestRunner" name="runScenario" time="14.639"/>
</testsuite> <!-- runners.TestRunner -->
