<?xml version="1.0" encoding="UTF-8"?>
<testng-results ignored="0" total="4" passed="4" failed="0" skipped="0">
  <reporter-output>
  </reporter-output>
  <suite started-at="2026-05-13T16:14:48 IST" name="Default suite" finished-at="2026-05-13T16:15:27 IST" duration-ms="39124">
    <groups>
      <group name="cucumber">
        <method signature="AbstractTestNGCucumberTests.runScenario(io.cucumber.testng.PickleWrapper,io.cucumber.testng.FeatureWrapper)[pri:0, instance:runners.TestRunner@34123d65]" name="runScenario" class="io.cucumber.testng.AbstractTestNGCucumberTests"/>
      </group> <!-- cucumber -->
    </groups>
    <test started-at="2026-05-13T16:14:48 IST" name="Default test" finished-at="2026-05-13T16:15:27 IST" duration-ms="39124">
      <class name="runners.TestRunner">
        <test-method is-config="true" signature="setUpClass(org.testng.ITestContext)[pri:0, instance:runners.TestRunner@34123d65]" started-at="2026-05-13T16:14:48 IST" name="setUpClass" finished-at="2026-05-13T16:14:49 IST" duration-ms="916" status="PASS">
          <params>
            <param index="0">
              <value>
                <![CDATA[org.testng.TestRunner@129c4d19]]>
              </value>
            </param>
          </params>
          <reporter-output>
          </reporter-output>
        </test-method> <!-- setUpClass -->
        <test-method signature="runScenario(io.cucumber.testng.PickleWrapper,io.cucumber.testng.FeatureWrapper)[pri:0, instance:runners.TestRunner@34123d65]" started-at="2026-05-13T16:14:49 IST" name="runScenario" description="Runs Cucumber Scenarios" data-provider="scenarios" finished-at="2026-05-13T16:14:58 IST" duration-ms="9574" status="PASS">
          <params>
            <param index="0">
              <value>
                <![CDATA["Add new address using data table"]]>
              </value>
            </param>
            <param index="1">
              <value>
                <![CDATA["Address Book functionality"]]>
              </value>
            </param>
          </params>
          <reporter-output>
          </reporter-output>
        </test-method> <!-- runScenario -->
        <test-method signature="runScenario(io.cucumber.testng.PickleWrapper,io.cucumber.testng.FeatureWrapper)[pri:0, instance:runners.TestRunner@34123d65]" started-at="2026-05-13T16:14:58 IST" name="runScenario" description="Runs Cucumber Scenarios" data-provider="scenarios" finished-at="2026-05-13T16:15:04 IST" duration-ms="5543" status="PASS">
          <params>
            <param index="0">
              <value>
                <![CDATA["Verify product search using different keywords"]]>
              </value>
            </param>
            <param index="1">
              <value>
                <![CDATA["Search functionality"]]>
              </value>
            </param>
          </params>
          <reporter-output>
          </reporter-output>
        </test-method> <!-- runScenario -->
        <test-method signature="runScenario(io.cucumber.testng.PickleWrapper,io.cucumber.testng.FeatureWrapper)[pri:0, instance:runners.TestRunner@34123d65]" started-at="2026-05-13T16:15:04 IST" name="runScenario" description="Runs Cucumber Scenarios" data-provider="scenarios" finished-at="2026-05-13T16:15:12 IST" duration-ms="7804" status="PASS">
          <params>
            <param index="0">
              <value>
                <![CDATA["Verify product search using different keywords"]]>
              </value>
            </param>
            <param index="1">
              <value>
                <![CDATA["Search functionality"]]>
              </value>
            </param>
          </params>
          <reporter-output>
          </reporter-output>
        </test-method> <!-- runScenario -->
        <test-method signature="runScenario(io.cucumber.testng.PickleWrapper,io.cucumber.testng.FeatureWrapper)[pri:0, instance:runners.TestRunner@34123d65]" started-at="2026-05-13T16:15:12 IST" name="runScenario" description="Runs Cucumber Scenarios" data-provider="scenarios" finished-at="2026-05-13T16:15:26 IST" duration-ms="14639" status="PASS">
          <params>
            <param index="0">
              <value>
                <![CDATA["Verify product search using different keywords"]]>
              </value>
            </param>
            <param index="1">
              <value>
                <![CDATA["Search functionality"]]>
              </value>
            </param>
          </params>
          <reporter-output>
          </reporter-output>
        </test-method> <!-- runScenario -->
        <test-method is-config="true" signature="tearDownClass()[pri:0, instance:runners.TestRunner@34123d65]" started-at="2026-05-13T16:15:26 IST" name="tearDownClass" finished-at="2026-05-13T16:15:27 IST" duration-ms="589" status="PASS">
          <reporter-output>
          </reporter-output>
        </test-method> <!-- tearDownClass -->
      </class> <!-- runners.TestRunner -->
    </test> <!-- Default test -->
  </suite> <!-- Default suite -->
</testng-results>
