<?xml version="1.0" encoding="UTF-8"?>
<!-- Generated by org.testng.reporters.JUnitXMLReporter -->
<testsuite ignored="0" hostname="LAPTOP-I9RA3P8J" failures="3" tests="6" name="Test" time="36.252" errors="0" timestamp="2026-04-29T15:58:39 IST">
  <testcase classname="com.tests.LoginTest" name="invalidLoginTest" time="2.497"/>
  <testcase classname="com.tests.LoginTest" name="invalidLoginTest" time="2.378"/>
  <testcase classname="com.tests.LoginTest" name="invalidLoginTest" time="2.326"/>
  <testcase classname="com.tests.LoginTest" name="validLoginTest" time="2.961">
    <failure type="java.lang.AssertionError" message="expected [true] but found [false]">
      <![CDATA[java.lang.AssertionError: expected [true] but found [false]
at com.tests.LoginTest.validLoginTest(LoginTest.java:20)
at java.base/java.util.ArrayList.forEach(ArrayList.java:1604)
... Removed 29 stack frames]]>
    </failure>
  </testcase> <!-- validLoginTest -->
  <testcase classname="com.tests.LoginTest" name="validLoginTest" time="2.75">
    <failure type="java.lang.AssertionError" message="expected [true] but found [false]">
      <![CDATA[java.lang.AssertionError: expected [true] but found [false]
at com.tests.LoginTest.validLoginTest(LoginTest.java:20)
at java.base/java.util.ArrayList.forEach(ArrayList.java:1604)
... Removed 29 stack frames]]>
    </failure>
  </testcase> <!-- validLoginTest -->
  <testcase classname="com.tests.LoginTest" name="validLoginTest" time="3.222">
    <failure type="java.lang.AssertionError" message="expected [true] but found [false]">
      <![CDATA[java.lang.AssertionError: expected [true] but found [false]
at com.tests.LoginTest.validLoginTest(LoginTest.java:20)
at java.base/java.util.ArrayList.forEach(ArrayList.java:1604)
... Removed 29 stack frames]]>
    </failure>
  </testcase> <!-- validLoginTest -->
</testsuite> <!-- Test -->
